CSRF Failed. Method: POST, Client: '', Server: '5f7e65d1dc544804f6f3ccbc9736047713f071e2fb15d8b91420cb9d3da84eef', POST: Array
(
)
, COOKIE: Array
(
)

CSRF Failed. Method: POST, Client: '', Server: '2cd7aecda2a5ec4220f8361436f0edf3f3ab6131cecb65d15944558d51912af6', POST: Array
(
    [email] => test@test.com
)
, COOKIE: Array
(
)

CSRF Failed. Method: POST, Client: 'invalid', Server: '6ace8a045fbeff9627497be582bf9ed6ad927cb25567c267420ad0861928f269', POST: Array
(
    [email] => test@test.com
    [csrf_token] => invalid
)
, COOKIE: Array
(
    [PHPSESSID] => testsession123
)

CSRF Failed. Method: POST, Client: '', Server: '450fbb432ae91321f6a62a2aecae121305eb5b37c98cfe94943f9be778ef4bae', POST: Array
(
    [email] => test@test.com
)
, COOKIE: Array
(
)

